mode: set
github.comcast.com/lfordy200/shapeutil/shapes.go:26.45,28.2 1 1
github.comcast.com/lfordy200/shapeutil/shapes.go:30.35,32.2 1 1
github.comcast.com/lfordy200/shapeutil/shapes.go:34.32,36.2 1 1
github.comcast.com/lfordy200/shapeutil/shapes.go:38.34,40.2 1 1
github.comcast.com/lfordy200/shapeutil/shapes.go:42.17,45.29 2 0
github.comcast.com/lfordy200/shapeutil/shapes.go:51.2,51.26 1 0
github.comcast.com/lfordy200/shapeutil/shapes.go:55.2,55.30 1 0
github.comcast.com/lfordy200/shapeutil/shapes.go:45.29,46.17 1 0
github.comcast.com/lfordy200/shapeutil/shapes.go:46.17,48.4 1 0
github.comcast.com/lfordy200/shapeutil/shapes.go:51.26,53.3 1 0
github.comcast.com/lfordy200/shapeutil/shapes.go:55.30,57.3 1 0
